\BOOKMARK [1][-]{Doc-Start}{\376\377\000A\000b\000s\000t\000r\000a\000c\000t}{}% 1
\BOOKMARK [1][-]{Doc-Start}{\376\377\000L\000i\000s\000t\000\040\000o\000f\000\040\000F\000i\000g\000u\000r\000e\000s}{}% 2
\BOOKMARK [1][-]{Doc-Start}{\376\377\000L\000i\000s\000t\000\040\000o\000f\000\040\000T\000a\000b\000l\000e\000s}{}% 3
\BOOKMARK [1][-]{section.1}{\376\377\000I\000n\000t\000r\000o\000d\000u\000c\000t\000i\000o\000n}{}% 4
\BOOKMARK [2][-]{subsection.1.1}{\376\377\000T\000i\000t\000l\000e\000\040\0001\000.\0001}{section.1}% 5
\BOOKMARK [2][-]{subsection.1.2}{\376\377\000T\000i\000t\000l\000e\000\040\0001\000.\0002}{section.1}% 6
\BOOKMARK [2][-]{subsection.1.3}{\376\377\000T\000i\000t\000l\000e\000\040\0001\000.\0003}{section.1}% 7
\BOOKMARK [2][-]{subsection.1.4}{\376\377\000T\000i\000t\000l\000e\000\040\0001\000.\0004}{section.1}% 8
\BOOKMARK [1][-]{section.2}{\376\377\000M\000e\000t\000h\000o\000d\000s\000\040\000a\000n\000d\000\040\000M\000a\000t\000e\000r\000i\000a\000l\000s}{}% 9
\BOOKMARK [2][-]{subsection.2.1}{\376\377\000D\000a\000t\000a\000s\000e\000t\000\040\000d\000e\000s\000c\000r\000i\000p\000t\000i\000o\000n}{section.2}% 10
\BOOKMARK [2][-]{subsection.2.2}{\376\377\000T\000h\000e\000\040\000B\000r\000a\000i\000n\000\040\000N\000e\000t\000w\000o\000r\000k}{section.2}% 11
\BOOKMARK [2][-]{subsection.2.3}{\376\377\000F\000e\000a\000t\000u\000r\000e\000\040\000E\000x\000t\000r\000a\000c\000t\000i\000o\000n}{section.2}% 12
\BOOKMARK [2][-]{subsection.2.4}{\376\377\000T\000h\000e\000\040\000V\000a\000r\000i\000a\000t\000i\000o\000n\000a\000l\000\040\000A\000u\000t\000o\000e\000n\000c\000o\000d\000e\000r}{section.2}% 13
\BOOKMARK [2][-]{subsection.2.5}{\376\377\000G\000a\000u\000s\000s\000i\000a\000n\000\040\000M\000i\000x\000t\000u\000r\000e\000\040\000M\000o\000d\000e\000l\000s}{section.2}% 14
\BOOKMARK [2][-]{subsection.2.6}{\376\377\000A\000n\000o\000m\000a\000l\000y\000\040\000D\000e\000t\000e\000c\000t\000i\000o\000n}{section.2}% 15
\BOOKMARK [1][-]{section.3}{\376\377\000R\000e\000s\000u\000l\000t\000s\000\040\000a\000n\000d\000\040\000D\000i\000s\000c\000u\000s\000s\000i\000o\000n}{}% 16
\BOOKMARK [2][-]{subsection.3.1}{\376\377\000T\000i\000t\000l\000e\000\040\0001\000.\0001}{section.3}% 17
\BOOKMARK [2][-]{subsection.3.2}{\376\377\000T\000i\000t\000l\000e\000\040\0001\000.\0002}{section.3}% 18
\BOOKMARK [2][-]{subsection.3.3}{\376\377\000T\000i\000t\000l\000e\000\040\0001\000.\0003}{section.3}% 19
\BOOKMARK [2][-]{subsection.3.4}{\376\377\000T\000i\000t\000l\000e\000\040\0001\000.\0004}{section.3}% 20
\BOOKMARK [1][-]{subsection.3.4}{\376\377\000A\000c\000k\000n\000o\000w\000l\000e\000d\000g\000e\000m\000e\000n\000t}{}% 21
\BOOKMARK [1][-]{section.4}{\376\377\000A\000c\000k\000n\000o\000w\000l\000e\000d\000g\000e\000m\000e\000n\000t}{}% 22
\BOOKMARK [1][-]{section.4}{\376\377\000A\000p\000p\000e\000n\000d\000i\000x}{}% 23
